[2019-08-02 04:53:40] local.ERROR: ErrorException: Undefined variable: result in /opt/lampp/htdocs/lumen_mongo/app/Http/Models/MongoTestModel.php:72
Stack trace:
#0 /opt/lampp/htdocs/lumen_mongo/app/Http/Models/MongoTestModel.php(72): Laravel\Lumen\Application->Laravel\Lumen\Concerns\{closure}(8, 'Undefined varia...', '/opt/lampp/htdo...', 72, Array)
#1 /opt/lampp/htdocs/lumen_mongo/app/Http/Controllers/MongoController.php(94): App\Http\Models\MongoTestModel->deleteTodo(NULL)
#2 [internal function]: App\Http\Controllers\MongoController->deleteTodo(Object(Laravel\Lumen\Http\Request))
#3 /opt/lampp/htdocs/lumen_mongo/vendor/illuminate/container/BoundMethod.php(32): call_user_func_array(Array, Array)
#4 /opt/lampp/htdocs/lumen_mongo/vendor/illuminate/container/BoundMethod.php(90): Illuminate\Container\BoundMethod::Illuminate\Container\{closure}()
#5 /opt/lampp/htdocs/lumen_mongo/vendor/illuminate/container/BoundMethod.php(34): Illuminate\Container\BoundMethod::callBoundMethod(Object(Laravel\Lumen\Application), Array, Object(Closure))
#6 /opt/lampp/htdocs/lumen_mongo/vendor/illuminate/container/Container.php(576): Illuminate\Container\BoundMethod::call(Object(Laravel\Lumen\Application), Array, Array, NULL)
#7 /opt/lampp/htdocs/lumen_mongo/vendor/laravel/lumen-framework/src/Concerns/RoutesRequests.php(376): Illuminate\Container\Container->call(Array, Array)
#8 /opt/lampp/htdocs/lumen_mongo/vendor/laravel/lumen-framework/src/Concerns/RoutesRequests.php(342): Laravel\Lumen\Application->callControllerCallable(Array, Array)
#9 /opt/lampp/htdocs/lumen_mongo/vendor/laravel/lumen-framework/src/Concerns/RoutesRequests.php(316): Laravel\Lumen\Application->callLumenController(Object(App\Http\Controllers\MongoController), 'deleteTodo', Array)
#10 /opt/lampp/htdocs/lumen_mongo/vendor/laravel/lumen-framework/src/Concerns/RoutesRequests.php(278): Laravel\Lumen\Application->callControllerAction(Array)
#11 /opt/lampp/htdocs/lumen_mongo/vendor/laravel/lumen-framework/src/Concerns/RoutesRequests.php(263): Laravel\Lumen\Application->callActionOnArrayBasedRoute(Array)
#12 /opt/lampp/htdocs/lumen_mongo/vendor/laravel/lumen-framework/src/Concerns/RoutesRequests.php(165): Laravel\Lumen\Application->handleFoundRoute(Array)
#13 /opt/lampp/htdocs/lumen_mongo/vendor/laravel/lumen-framework/src/Concerns/RoutesRequests.php(416): Laravel\Lumen\Application->Laravel\Lumen\Concerns\{closure}(Object(Laravel\Lumen\Http\Request))
#14 /opt/lampp/htdocs/lumen_mongo/vendor/laravel/lumen-framework/src/Concerns/RoutesRequests.php(171): Laravel\Lumen\Application->sendThroughPipeline(Array, Object(Closure))
#15 /opt/lampp/htdocs/lumen_mongo/vendor/laravel/lumen-framework/src/Concerns/RoutesRequests.php(108): Laravel\Lumen\Application->dispatch(NULL)
#16 /opt/lampp/htdocs/lumen_mongo/public/index.php(28): Laravel\Lumen\Application->run()
#17 {main} {"exception":"[object] (ErrorException(code: 0): Undefined variable: result at /opt/lampp/htdocs/lumen_mongo/app/Http/Models/MongoTestModel.php:72)
[stacktrace]
#0 /opt/lampp/htdocs/lumen_mongo/app/Http/Models/MongoTestModel.php(72): Laravel\\Lumen\\Application->Laravel\\Lumen\\Concerns\\{closure}(8, 'Undefined varia...', '/opt/lampp/htdo...', 72, Array)
#1 /opt/lampp/htdocs/lumen_mongo/app/Http/Controllers/MongoController.php(94): App\\Http\\Models\\MongoTestModel->deleteTodo(NULL)
#2 [internal function]: App\\Http\\Controllers\\MongoController->deleteTodo(Object(Laravel\\Lumen\\Http\\Request))
#3 /opt/lampp/htdocs/lumen_mongo/vendor/illuminate/container/BoundMethod.php(32): call_user_func_array(Array, Array)
#4 /opt/lampp/htdocs/lumen_mongo/vendor/illuminate/container/BoundMethod.php(90): Illuminate\\Container\\BoundMethod::Illuminate\\Container\\{closure}()
#5 /opt/lampp/htdocs/lumen_mongo/vendor/illuminate/container/BoundMethod.php(34): Illuminate\\Container\\BoundMethod::callBoundMethod(Object(Laravel\\Lumen\\Application), Array, Object(Closure))
#6 /opt/lampp/htdocs/lumen_mongo/vendor/illuminate/container/Container.php(576): Illuminate\\Container\\BoundMethod::call(Object(Laravel\\Lumen\\Application), Array, Array, NULL)
#7 /opt/lampp/htdocs/lumen_mongo/vendor/laravel/lumen-framework/src/Concerns/RoutesRequests.php(376): Illuminate\\Container\\Container->call(Array, Array)
#8 /opt/lampp/htdocs/lumen_mongo/vendor/laravel/lumen-framework/src/Concerns/RoutesRequests.php(342): Laravel\\Lumen\\Application->callControllerCallable(Array, Array)
#9 /opt/lampp/htdocs/lumen_mongo/vendor/laravel/lumen-framework/src/Concerns/RoutesRequests.php(316): Laravel\\Lumen\\Application->callLumenController(Object(App\\Http\\Controllers\\MongoController), 'deleteTodo', Array)
#10 /opt/lampp/htdocs/lumen_mongo/vendor/laravel/lumen-framework/src/Concerns/RoutesRequests.php(278): Laravel\\Lumen\\Application->callControllerAction(Array)
#11 /opt/lampp/htdocs/lumen_mongo/vendor/laravel/lumen-framework/src/Concerns/RoutesRequests.php(263): Laravel\\Lumen\\Application->callActionOnArrayBasedRoute(Array)
#12 /opt/lampp/htdocs/lumen_mongo/vendor/laravel/lumen-framework/src/Concerns/RoutesRequests.php(165): Laravel\\Lumen\\Application->handleFoundRoute(Array)
#13 /opt/lampp/htdocs/lumen_mongo/vendor/laravel/lumen-framework/src/Concerns/RoutesRequests.php(416): Laravel\\Lumen\\Application->Laravel\\Lumen\\Concerns\\{closure}(Object(Laravel\\Lumen\\Http\\Request))
#14 /opt/lampp/htdocs/lumen_mongo/vendor/laravel/lumen-framework/src/Concerns/RoutesRequests.php(171): Laravel\\Lumen\\Application->sendThroughPipeline(Array, Object(Closure))
#15 /opt/lampp/htdocs/lumen_mongo/vendor/laravel/lumen-framework/src/Concerns/RoutesRequests.php(108): Laravel\\Lumen\\Application->dispatch(NULL)
#16 /opt/lampp/htdocs/lumen_mongo/public/index.php(28): Laravel\\Lumen\\Application->run()
#17 {main}
"} 
[2019-08-02 04:53:48] local.ERROR: ErrorException: Undefined variable: result in /opt/lampp/htdocs/lumen_mongo/app/Http/Models/MongoTestModel.php:72
Stack trace:
#0 /opt/lampp/htdocs/lumen_mongo/app/Http/Models/MongoTestModel.php(72): Laravel\Lumen\Application->Laravel\Lumen\Concerns\{closure}(8, 'Undefined varia...', '/opt/lampp/htdo...', 72, Array)
#1 /opt/lampp/htdocs/lumen_mongo/app/Http/Controllers/MongoController.php(94): App\Http\Models\MongoTestModel->deleteTodo(NULL)
#2 [internal function]: App\Http\Controllers\MongoController->deleteTodo(Object(Laravel\Lumen\Http\Request))
#3 /opt/lampp/htdocs/lumen_mongo/vendor/illuminate/container/BoundMethod.php(32): call_user_func_array(Array, Array)
#4 /opt/lampp/htdocs/lumen_mongo/vendor/illuminate/container/BoundMethod.php(90): Illuminate\Container\BoundMethod::Illuminate\Container\{closure}()
#5 /opt/lampp/htdocs/lumen_mongo/vendor/illuminate/container/BoundMethod.php(34): Illuminate\Container\BoundMethod::callBoundMethod(Object(Laravel\Lumen\Application), Array, Object(Closure))
#6 /opt/lampp/htdocs/lumen_mongo/vendor/illuminate/container/Container.php(576): Illuminate\Container\BoundMethod::call(Object(Laravel\Lumen\Application), Array, Array, NULL)
#7 /opt/lampp/htdocs/lumen_mongo/vendor/laravel/lumen-framework/src/Concerns/RoutesRequests.php(376): Illuminate\Container\Container->call(Array, Array)
#8 /opt/lampp/htdocs/lumen_mongo/vendor/laravel/lumen-framework/src/Concerns/RoutesRequests.php(342): Laravel\Lumen\Application->callControllerCallable(Array, Array)
#9 /opt/lampp/htdocs/lumen_mongo/vendor/laravel/lumen-framework/src/Concerns/RoutesRequests.php(316): Laravel\Lumen\Application->callLumenController(Object(App\Http\Controllers\MongoController), 'deleteTodo', Array)
#10 /opt/lampp/htdocs/lumen_mongo/vendor/laravel/lumen-framework/src/Concerns/RoutesRequests.php(278): Laravel\Lumen\Application->callControllerAction(Array)
#11 /opt/lampp/htdocs/lumen_mongo/vendor/laravel/lumen-framework/src/Concerns/RoutesRequests.php(263): Laravel\Lumen\Application->callActionOnArrayBasedRoute(Array)
#12 /opt/lampp/htdocs/lumen_mongo/vendor/laravel/lumen-framework/src/Concerns/RoutesRequests.php(165): Laravel\Lumen\Application->handleFoundRoute(Array)
#13 /opt/lampp/htdocs/lumen_mongo/vendor/laravel/lumen-framework/src/Concerns/RoutesRequests.php(416): Laravel\Lumen\Application->Laravel\Lumen\Concerns\{closure}(Object(Laravel\Lumen\Http\Request))
#14 /opt/lampp/htdocs/lumen_mongo/vendor/laravel/lumen-framework/src/Concerns/RoutesRequests.php(171): Laravel\Lumen\Application->sendThroughPipeline(Array, Object(Closure))
#15 /opt/lampp/htdocs/lumen_mongo/vendor/laravel/lumen-framework/src/Concerns/RoutesRequests.php(108): Laravel\Lumen\Application->dispatch(NULL)
#16 /opt/lampp/htdocs/lumen_mongo/public/index.php(28): Laravel\Lumen\Application->run()
#17 {main} {"exception":"[object] (ErrorException(code: 0): Undefined variable: result at /opt/lampp/htdocs/lumen_mongo/app/Http/Models/MongoTestModel.php:72)
[stacktrace]
#0 /opt/lampp/htdocs/lumen_mongo/app/Http/Models/MongoTestModel.php(72): Laravel\\Lumen\\Application->Laravel\\Lumen\\Concerns\\{closure}(8, 'Undefined varia...', '/opt/lampp/htdo...', 72, Array)
#1 /opt/lampp/htdocs/lumen_mongo/app/Http/Controllers/MongoController.php(94): App\\Http\\Models\\MongoTestModel->deleteTodo(NULL)
#2 [internal function]: App\\Http\\Controllers\\MongoController->deleteTodo(Object(Laravel\\Lumen\\Http\\Request))
#3 /opt/lampp/htdocs/lumen_mongo/vendor/illuminate/container/BoundMethod.php(32): call_user_func_array(Array, Array)
#4 /opt/lampp/htdocs/lumen_mongo/vendor/illuminate/container/BoundMethod.php(90): Illuminate\\Container\\BoundMethod::Illuminate\\Container\\{closure}()
#5 /opt/lampp/htdocs/lumen_mongo/vendor/illuminate/container/BoundMethod.php(34): Illuminate\\Container\\BoundMethod::callBoundMethod(Object(Laravel\\Lumen\\Application), Array, Object(Closure))
#6 /opt/lampp/htdocs/lumen_mongo/vendor/illuminate/container/Container.php(576): Illuminate\\Container\\BoundMethod::call(Object(Laravel\\Lumen\\Application), Array, Array, NULL)
#7 /opt/lampp/htdocs/lumen_mongo/vendor/laravel/lumen-framework/src/Concerns/RoutesRequests.php(376): Illuminate\\Container\\Container->call(Array, Array)
#8 /opt/lampp/htdocs/lumen_mongo/vendor/laravel/lumen-framework/src/Concerns/RoutesRequests.php(342): Laravel\\Lumen\\Application->callControllerCallable(Array, Array)
#9 /opt/lampp/htdocs/lumen_mongo/vendor/laravel/lumen-framework/src/Concerns/RoutesRequests.php(316): Laravel\\Lumen\\Application->callLumenController(Object(App\\Http\\Controllers\\MongoController), 'deleteTodo', Array)
#10 /opt/lampp/htdocs/lumen_mongo/vendor/laravel/lumen-framework/src/Concerns/RoutesRequests.php(278): Laravel\\Lumen\\Application->callControllerAction(Array)
#11 /opt/lampp/htdocs/lumen_mongo/vendor/laravel/lumen-framework/src/Concerns/RoutesRequests.php(263): Laravel\\Lumen\\Application->callActionOnArrayBasedRoute(Array)
#12 /opt/lampp/htdocs/lumen_mongo/vendor/laravel/lumen-framework/src/Concerns/RoutesRequests.php(165): Laravel\\Lumen\\Application->handleFoundRoute(Array)
#13 /opt/lampp/htdocs/lumen_mongo/vendor/laravel/lumen-framework/src/Concerns/RoutesRequests.php(416): Laravel\\Lumen\\Application->Laravel\\Lumen\\Concerns\\{closure}(Object(Laravel\\Lumen\\Http\\Request))
#14 /opt/lampp/htdocs/lumen_mongo/vendor/laravel/lumen-framework/src/Concerns/RoutesRequests.php(171): Laravel\\Lumen\\Application->sendThroughPipeline(Array, Object(Closure))
#15 /opt/lampp/htdocs/lumen_mongo/vendor/laravel/lumen-framework/src/Concerns/RoutesRequests.php(108): Laravel\\Lumen\\Application->dispatch(NULL)
#16 /opt/lampp/htdocs/lumen_mongo/public/index.php(28): Laravel\\Lumen\\Application->run()
#17 {main}
"} 
