[2019-07-23 11:02:46] local.ERROR: ErrorException: Undefined variable: [{"_id":{"$oid":"5d36e1d774bbb3565881f248"},"userId":"1","id":"1","Title":"afhfhsfshjf","completed":"false"},{"_id":{"$oid":"5d36e20574bbb3565881f249"},"userId":"1","id":"2","Title":"jhfsjkddfhishfi","completed":"false"}] in /opt/lampp/htdocs/lumen_mongo/app/Http/Controllers/MongoController.php:35
Stack trace:
#0 /opt/lampp/htdocs/lumen_mongo/app/Http/Controllers/MongoController.php(35): Laravel\Lumen\Application->Laravel\Lumen\Concerns\{closure}(8, 'Undefined varia...', '/opt/lampp/htdo...', 35, Array)
#1 [internal function]: App\Http\Controllers\MongoController->getAllTodo(Object(Laravel\Lumen\Http\Request))
#2 /opt/lampp/htdocs/lumen_mongo/vendor/illuminate/container/BoundMethod.php(32): call_user_func_array(Array, Array)
#3 /opt/lampp/htdocs/lumen_mongo/vendor/illuminate/container/BoundMethod.php(90): Illuminate\Container\BoundMethod::Illuminate\Container\{closure}()
#4 /opt/lampp/htdocs/lumen_mongo/vendor/illuminate/container/BoundMethod.php(34): Illuminate\Container\BoundMethod::callBoundMethod(Object(Laravel\Lumen\Application), Array, Object(Closure))
#5 /opt/lampp/htdocs/lumen_mongo/vendor/illuminate/container/Container.php(576): Illuminate\Container\BoundMethod::call(Object(Laravel\Lumen\Application), Array, Array, NULL)
#6 /opt/lampp/htdocs/lumen_mongo/vendor/laravel/lumen-framework/src/Concerns/RoutesRequests.php(376): Illuminate\Container\Container->call(Array, Array)
#7 /opt/lampp/htdocs/lumen_mongo/vendor/laravel/lumen-framework/src/Concerns/RoutesRequests.php(342): Laravel\Lumen\Application->callControllerCallable(Array, Array)
#8 /opt/lampp/htdocs/lumen_mongo/vendor/laravel/lumen-framework/src/Concerns/RoutesRequests.php(316): Laravel\Lumen\Application->callLumenController(Object(App\Http\Controllers\MongoController), 'getAllTodo', Array)
#9 /opt/lampp/htdocs/lumen_mongo/vendor/laravel/lumen-framework/src/Concerns/RoutesRequests.php(278): Laravel\Lumen\Application->callControllerAction(Array)
#10 /opt/lampp/htdocs/lumen_mongo/vendor/laravel/lumen-framework/src/Concerns/RoutesRequests.php(263): Laravel\Lumen\Application->callActionOnArrayBasedRoute(Array)
#11 /opt/lampp/htdocs/lumen_mongo/vendor/laravel/lumen-framework/src/Concerns/RoutesRequests.php(165): Laravel\Lumen\Application->handleFoundRoute(Array)
#12 /opt/lampp/htdocs/lumen_mongo/vendor/laravel/lumen-framework/src/Concerns/RoutesRequests.php(416): Laravel\Lumen\Application->Laravel\Lumen\Concerns\{closure}(Object(Laravel\Lumen\Http\Request))
#13 /opt/lampp/htdocs/lumen_mongo/vendor/laravel/lumen-framework/src/Concerns/RoutesRequests.php(171): Laravel\Lumen\Application->sendThroughPipeline(Array, Object(Closure))
#14 /opt/lampp/htdocs/lumen_mongo/vendor/laravel/lumen-framework/src/Concerns/RoutesRequests.php(108): Laravel\Lumen\Application->dispatch(NULL)
#15 /opt/lampp/htdocs/lumen_mongo/public/index.php(28): Laravel\Lumen\Application->run()
#16 {main} {"exception":"[object] (ErrorException(code: 0): Undefined variable: [{\"_id\":{\"$oid\":\"5d36e1d774bbb3565881f248\"},\"userId\":\"1\",\"id\":\"1\",\"Title\":\"afhfhsfshjf\",\"completed\":\"false\"},{\"_id\":{\"$oid\":\"5d36e20574bbb3565881f249\"},\"userId\":\"1\",\"id\":\"2\",\"Title\":\"jhfsjkddfhishfi\",\"completed\":\"false\"}] at /opt/lampp/htdocs/lumen_mongo/app/Http/Controllers/MongoController.php:35)
[stacktrace]
#0 /opt/lampp/htdocs/lumen_mongo/app/Http/Controllers/MongoController.php(35): Laravel\\Lumen\\Application->Laravel\\Lumen\\Concerns\\{closure}(8, 'Undefined varia...', '/opt/lampp/htdo...', 35, Array)
#1 [internal function]: App\\Http\\Controllers\\MongoController->getAllTodo(Object(Laravel\\Lumen\\Http\\Request))
#2 /opt/lampp/htdocs/lumen_mongo/vendor/illuminate/container/BoundMethod.php(32): call_user_func_array(Array, Array)
#3 /opt/lampp/htdocs/lumen_mongo/vendor/illuminate/container/BoundMethod.php(90): Illuminate\\Container\\BoundMethod::Illuminate\\Container\\{closure}()
#4 /opt/lampp/htdocs/lumen_mongo/vendor/illuminate/container/BoundMethod.php(34): Illuminate\\Container\\BoundMethod::callBoundMethod(Object(Laravel\\Lumen\\Application), Array, Object(Closure))
#5 /opt/lampp/htdocs/lumen_mongo/vendor/illuminate/container/Container.php(576): Illuminate\\Container\\BoundMethod::call(Object(Laravel\\Lumen\\Application), Array, Array, NULL)
#6 /opt/lampp/htdocs/lumen_mongo/vendor/laravel/lumen-framework/src/Concerns/RoutesRequests.php(376): Illuminate\\Container\\Container->call(Array, Array)
#7 /opt/lampp/htdocs/lumen_mongo/vendor/laravel/lumen-framework/src/Concerns/RoutesRequests.php(342): Laravel\\Lumen\\Application->callControllerCallable(Array, Array)
#8 /opt/lampp/htdocs/lumen_mongo/vendor/laravel/lumen-framework/src/Concerns/RoutesRequests.php(316): Laravel\\Lumen\\Application->callLumenController(Object(App\\Http\\Controllers\\MongoController), 'getAllTodo', Array)
#9 /opt/lampp/htdocs/lumen_mongo/vendor/laravel/lumen-framework/src/Concerns/RoutesRequests.php(278): Laravel\\Lumen\\Application->callControllerAction(Array)
#10 /opt/lampp/htdocs/lumen_mongo/vendor/laravel/lumen-framework/src/Concerns/RoutesRequests.php(263): Laravel\\Lumen\\Application->callActionOnArrayBasedRoute(Array)
#11 /opt/lampp/htdocs/lumen_mongo/vendor/laravel/lumen-framework/src/Concerns/RoutesRequests.php(165): Laravel\\Lumen\\Application->handleFoundRoute(Array)
#12 /opt/lampp/htdocs/lumen_mongo/vendor/laravel/lumen-framework/src/Concerns/RoutesRequests.php(416): Laravel\\Lumen\\Application->Laravel\\Lumen\\Concerns\\{closure}(Object(Laravel\\Lumen\\Http\\Request))
#13 /opt/lampp/htdocs/lumen_mongo/vendor/laravel/lumen-framework/src/Concerns/RoutesRequests.php(171): Laravel\\Lumen\\Application->sendThroughPipeline(Array, Object(Closure))
#14 /opt/lampp/htdocs/lumen_mongo/vendor/laravel/lumen-framework/src/Concerns/RoutesRequests.php(108): Laravel\\Lumen\\Application->dispatch(NULL)
#15 /opt/lampp/htdocs/lumen_mongo/public/index.php(28): Laravel\\Lumen\\Application->run()
#16 {main}
"} 
[2019-07-23 11:28:08] local.ERROR: ErrorException: Array to string conversion in /opt/lampp/htdocs/lumen_mongo/app/Http/Controllers/MongoController.php:49
Stack trace:
#0 /opt/lampp/htdocs/lumen_mongo/app/Http/Controllers/MongoController.php(49): Laravel\Lumen\Application->Laravel\Lumen\Concerns\{closure}(8, 'Array to string...', '/opt/lampp/htdo...', 49, Array)
#1 [internal function]: App\Http\Controllers\MongoController->insertTodo(Object(Laravel\Lumen\Http\Request))
#2 /opt/lampp/htdocs/lumen_mongo/vendor/illuminate/container/BoundMethod.php(32): call_user_func_array(Array, Array)
#3 /opt/lampp/htdocs/lumen_mongo/vendor/illuminate/container/BoundMethod.php(90): Illuminate\Container\BoundMethod::Illuminate\Container\{closure}()
#4 /opt/lampp/htdocs/lumen_mongo/vendor/illuminate/container/BoundMethod.php(34): Illuminate\Container\BoundMethod::callBoundMethod(Object(Laravel\Lumen\Application), Array, Object(Closure))
#5 /opt/lampp/htdocs/lumen_mongo/vendor/illuminate/container/Container.php(576): Illuminate\Container\BoundMethod::call(Object(Laravel\Lumen\Application), Array, Array, NULL)
#6 /opt/lampp/htdocs/lumen_mongo/vendor/laravel/lumen-framework/src/Concerns/RoutesRequests.php(376): Illuminate\Container\Container->call(Array, Array)
#7 /opt/lampp/htdocs/lumen_mongo/vendor/laravel/lumen-framework/src/Concerns/RoutesRequests.php(342): Laravel\Lumen\Application->callControllerCallable(Array, Array)
#8 /opt/lampp/htdocs/lumen_mongo/vendor/laravel/lumen-framework/src/Concerns/RoutesRequests.php(316): Laravel\Lumen\Application->callLumenController(Object(App\Http\Controllers\MongoController), 'insertTodo', Array)
#9 /opt/lampp/htdocs/lumen_mongo/vendor/laravel/lumen-framework/src/Concerns/RoutesRequests.php(278): Laravel\Lumen\Application->callControllerAction(Array)
#10 /opt/lampp/htdocs/lumen_mongo/vendor/laravel/lumen-framework/src/Concerns/RoutesRequests.php(263): Laravel\Lumen\Application->callActionOnArrayBasedRoute(Array)
#11 /opt/lampp/htdocs/lumen_mongo/vendor/laravel/lumen-framework/src/Concerns/RoutesRequests.php(165): Laravel\Lumen\Application->handleFoundRoute(Array)
#12 /opt/lampp/htdocs/lumen_mongo/vendor/laravel/lumen-framework/src/Concerns/RoutesRequests.php(416): Laravel\Lumen\Application->Laravel\Lumen\Concerns\{closure}(Object(Laravel\Lumen\Http\Request))
#13 /opt/lampp/htdocs/lumen_mongo/vendor/laravel/lumen-framework/src/Concerns/RoutesRequests.php(171): Laravel\Lumen\Application->sendThroughPipeline(Array, Object(Closure))
#14 /opt/lampp/htdocs/lumen_mongo/vendor/laravel/lumen-framework/src/Concerns/RoutesRequests.php(108): Laravel\Lumen\Application->dispatch(NULL)
#15 /opt/lampp/htdocs/lumen_mongo/public/index.php(28): Laravel\Lumen\Application->run()
#16 {main} {"exception":"[object] (ErrorException(code: 0): Array to string conversion at /opt/lampp/htdocs/lumen_mongo/app/Http/Controllers/MongoController.php:49)
[stacktrace]
#0 /opt/lampp/htdocs/lumen_mongo/app/Http/Controllers/MongoController.php(49): Laravel\\Lumen\\Application->Laravel\\Lumen\\Concerns\\{closure}(8, 'Array to string...', '/opt/lampp/htdo...', 49, Array)
#1 [internal function]: App\\Http\\Controllers\\MongoController->insertTodo(Object(Laravel\\Lumen\\Http\\Request))
#2 /opt/lampp/htdocs/lumen_mongo/vendor/illuminate/container/BoundMethod.php(32): call_user_func_array(Array, Array)
#3 /opt/lampp/htdocs/lumen_mongo/vendor/illuminate/container/BoundMethod.php(90): Illuminate\\Container\\BoundMethod::Illuminate\\Container\\{closure}()
#4 /opt/lampp/htdocs/lumen_mongo/vendor/illuminate/container/BoundMethod.php(34): Illuminate\\Container\\BoundMethod::callBoundMethod(Object(Laravel\\Lumen\\Application), Array, Object(Closure))
#5 /opt/lampp/htdocs/lumen_mongo/vendor/illuminate/container/Container.php(576): Illuminate\\Container\\BoundMethod::call(Object(Laravel\\Lumen\\Application), Array, Array, NULL)
#6 /opt/lampp/htdocs/lumen_mongo/vendor/laravel/lumen-framework/src/Concerns/RoutesRequests.php(376): Illuminate\\Container\\Container->call(Array, Array)
#7 /opt/lampp/htdocs/lumen_mongo/vendor/laravel/lumen-framework/src/Concerns/RoutesRequests.php(342): Laravel\\Lumen\\Application->callControllerCallable(Array, Array)
#8 /opt/lampp/htdocs/lumen_mongo/vendor/laravel/lumen-framework/src/Concerns/RoutesRequests.php(316): Laravel\\Lumen\\Application->callLumenController(Object(App\\Http\\Controllers\\MongoController), 'insertTodo', Array)
#9 /opt/lampp/htdocs/lumen_mongo/vendor/laravel/lumen-framework/src/Concerns/RoutesRequests.php(278): Laravel\\Lumen\\Application->callControllerAction(Array)
#10 /opt/lampp/htdocs/lumen_mongo/vendor/laravel/lumen-framework/src/Concerns/RoutesRequests.php(263): Laravel\\Lumen\\Application->callActionOnArrayBasedRoute(Array)
#11 /opt/lampp/htdocs/lumen_mongo/vendor/laravel/lumen-framework/src/Concerns/RoutesRequests.php(165): Laravel\\Lumen\\Application->handleFoundRoute(Array)
#12 /opt/lampp/htdocs/lumen_mongo/vendor/laravel/lumen-framework/src/Concerns/RoutesRequests.php(416): Laravel\\Lumen\\Application->Laravel\\Lumen\\Concerns\\{closure}(Object(Laravel\\Lumen\\Http\\Request))
#13 /opt/lampp/htdocs/lumen_mongo/vendor/laravel/lumen-framework/src/Concerns/RoutesRequests.php(171): Laravel\\Lumen\\Application->sendThroughPipeline(Array, Object(Closure))
#14 /opt/lampp/htdocs/lumen_mongo/vendor/laravel/lumen-framework/src/Concerns/RoutesRequests.php(108): Laravel\\Lumen\\Application->dispatch(NULL)
#15 /opt/lampp/htdocs/lumen_mongo/public/index.php(28): Laravel\\Lumen\\Application->run()
#16 {main}
"} 
[2019-07-23 11:28:11] local.ERROR: ErrorException: Array to string conversion in /opt/lampp/htdocs/lumen_mongo/app/Http/Controllers/MongoController.php:49
Stack trace:
#0 /opt/lampp/htdocs/lumen_mongo/app/Http/Controllers/MongoController.php(49): Laravel\Lumen\Application->Laravel\Lumen\Concerns\{closure}(8, 'Array to string...', '/opt/lampp/htdo...', 49, Array)
#1 [internal function]: App\Http\Controllers\MongoController->insertTodo(Object(Laravel\Lumen\Http\Request))
#2 /opt/lampp/htdocs/lumen_mongo/vendor/illuminate/container/BoundMethod.php(32): call_user_func_array(Array, Array)
#3 /opt/lampp/htdocs/lumen_mongo/vendor/illuminate/container/BoundMethod.php(90): Illuminate\Container\BoundMethod::Illuminate\Container\{closure}()
#4 /opt/lampp/htdocs/lumen_mongo/vendor/illuminate/container/BoundMethod.php(34): Illuminate\Container\BoundMethod::callBoundMethod(Object(Laravel\Lumen\Application), Array, Object(Closure))
#5 /opt/lampp/htdocs/lumen_mongo/vendor/illuminate/container/Container.php(576): Illuminate\Container\BoundMethod::call(Object(Laravel\Lumen\Application), Array, Array, NULL)
#6 /opt/lampp/htdocs/lumen_mongo/vendor/laravel/lumen-framework/src/Concerns/RoutesRequests.php(376): Illuminate\Container\Container->call(Array, Array)
#7 /opt/lampp/htdocs/lumen_mongo/vendor/laravel/lumen-framework/src/Concerns/RoutesRequests.php(342): Laravel\Lumen\Application->callControllerCallable(Array, Array)
#8 /opt/lampp/htdocs/lumen_mongo/vendor/laravel/lumen-framework/src/Concerns/RoutesRequests.php(316): Laravel\Lumen\Application->callLumenController(Object(App\Http\Controllers\MongoController), 'insertTodo', Array)
#9 /opt/lampp/htdocs/lumen_mongo/vendor/laravel/lumen-framework/src/Concerns/RoutesRequests.php(278): Laravel\Lumen\Application->callControllerAction(Array)
#10 /opt/lampp/htdocs/lumen_mongo/vendor/laravel/lumen-framework/src/Concerns/RoutesRequests.php(263): Laravel\Lumen\Application->callActionOnArrayBasedRoute(Array)
#11 /opt/lampp/htdocs/lumen_mongo/vendor/laravel/lumen-framework/src/Concerns/RoutesRequests.php(165): Laravel\Lumen\Application->handleFoundRoute(Array)
#12 /opt/lampp/htdocs/lumen_mongo/vendor/laravel/lumen-framework/src/Concerns/RoutesRequests.php(416): Laravel\Lumen\Application->Laravel\Lumen\Concerns\{closure}(Object(Laravel\Lumen\Http\Request))
#13 /opt/lampp/htdocs/lumen_mongo/vendor/laravel/lumen-framework/src/Concerns/RoutesRequests.php(171): Laravel\Lumen\Application->sendThroughPipeline(Array, Object(Closure))
#14 /opt/lampp/htdocs/lumen_mongo/vendor/laravel/lumen-framework/src/Concerns/RoutesRequests.php(108): Laravel\Lumen\Application->dispatch(NULL)
#15 /opt/lampp/htdocs/lumen_mongo/public/index.php(28): Laravel\Lumen\Application->run()
#16 {main} {"exception":"[object] (ErrorException(code: 0): Array to string conversion at /opt/lampp/htdocs/lumen_mongo/app/Http/Controllers/MongoController.php:49)
[stacktrace]
#0 /opt/lampp/htdocs/lumen_mongo/app/Http/Controllers/MongoController.php(49): Laravel\\Lumen\\Application->Laravel\\Lumen\\Concerns\\{closure}(8, 'Array to string...', '/opt/lampp/htdo...', 49, Array)
#1 [internal function]: App\\Http\\Controllers\\MongoController->insertTodo(Object(Laravel\\Lumen\\Http\\Request))
#2 /opt/lampp/htdocs/lumen_mongo/vendor/illuminate/container/BoundMethod.php(32): call_user_func_array(Array, Array)
#3 /opt/lampp/htdocs/lumen_mongo/vendor/illuminate/container/BoundMethod.php(90): Illuminate\\Container\\BoundMethod::Illuminate\\Container\\{closure}()
#4 /opt/lampp/htdocs/lumen_mongo/vendor/illuminate/container/BoundMethod.php(34): Illuminate\\Container\\BoundMethod::callBoundMethod(Object(Laravel\\Lumen\\Application), Array, Object(Closure))
#5 /opt/lampp/htdocs/lumen_mongo/vendor/illuminate/container/Container.php(576): Illuminate\\Container\\BoundMethod::call(Object(Laravel\\Lumen\\Application), Array, Array, NULL)
#6 /opt/lampp/htdocs/lumen_mongo/vendor/laravel/lumen-framework/src/Concerns/RoutesRequests.php(376): Illuminate\\Container\\Container->call(Array, Array)
#7 /opt/lampp/htdocs/lumen_mongo/vendor/laravel/lumen-framework/src/Concerns/RoutesRequests.php(342): Laravel\\Lumen\\Application->callControllerCallable(Array, Array)
#8 /opt/lampp/htdocs/lumen_mongo/vendor/laravel/lumen-framework/src/Concerns/RoutesRequests.php(316): Laravel\\Lumen\\Application->callLumenController(Object(App\\Http\\Controllers\\MongoController), 'insertTodo', Array)
#9 /opt/lampp/htdocs/lumen_mongo/vendor/laravel/lumen-framework/src/Concerns/RoutesRequests.php(278): Laravel\\Lumen\\Application->callControllerAction(Array)
#10 /opt/lampp/htdocs/lumen_mongo/vendor/laravel/lumen-framework/src/Concerns/RoutesRequests.php(263): Laravel\\Lumen\\Application->callActionOnArrayBasedRoute(Array)
#11 /opt/lampp/htdocs/lumen_mongo/vendor/laravel/lumen-framework/src/Concerns/RoutesRequests.php(165): Laravel\\Lumen\\Application->handleFoundRoute(Array)
#12 /opt/lampp/htdocs/lumen_mongo/vendor/laravel/lumen-framework/src/Concerns/RoutesRequests.php(416): Laravel\\Lumen\\Application->Laravel\\Lumen\\Concerns\\{closure}(Object(Laravel\\Lumen\\Http\\Request))
#13 /opt/lampp/htdocs/lumen_mongo/vendor/laravel/lumen-framework/src/Concerns/RoutesRequests.php(171): Laravel\\Lumen\\Application->sendThroughPipeline(Array, Object(Closure))
#14 /opt/lampp/htdocs/lumen_mongo/vendor/laravel/lumen-framework/src/Concerns/RoutesRequests.php(108): Laravel\\Lumen\\Application->dispatch(NULL)
#15 /opt/lampp/htdocs/lumen_mongo/public/index.php(28): Laravel\\Lumen\\Application->run()
#16 {main}
"} 
[2019-07-23 11:28:43] local.ERROR: ErrorException: Array to string conversion in /opt/lampp/htdocs/lumen_mongo/app/Http/Controllers/MongoController.php:49
Stack trace:
#0 /opt/lampp/htdocs/lumen_mongo/app/Http/Controllers/MongoController.php(49): Laravel\Lumen\Application->Laravel\Lumen\Concerns\{closure}(8, 'Array to string...', '/opt/lampp/htdo...', 49, Array)
#1 [internal function]: App\Http\Controllers\MongoController->insertTodo(Object(Laravel\Lumen\Http\Request))
#2 /opt/lampp/htdocs/lumen_mongo/vendor/illuminate/container/BoundMethod.php(32): call_user_func_array(Array, Array)
#3 /opt/lampp/htdocs/lumen_mongo/vendor/illuminate/container/BoundMethod.php(90): Illuminate\Container\BoundMethod::Illuminate\Container\{closure}()
#4 /opt/lampp/htdocs/lumen_mongo/vendor/illuminate/container/BoundMethod.php(34): Illuminate\Container\BoundMethod::callBoundMethod(Object(Laravel\Lumen\Application), Array, Object(Closure))
#5 /opt/lampp/htdocs/lumen_mongo/vendor/illuminate/container/Container.php(576): Illuminate\Container\BoundMethod::call(Object(Laravel\Lumen\Application), Array, Array, NULL)
#6 /opt/lampp/htdocs/lumen_mongo/vendor/laravel/lumen-framework/src/Concerns/RoutesRequests.php(376): Illuminate\Container\Container->call(Array, Array)
#7 /opt/lampp/htdocs/lumen_mongo/vendor/laravel/lumen-framework/src/Concerns/RoutesRequests.php(342): Laravel\Lumen\Application->callControllerCallable(Array, Array)
#8 /opt/lampp/htdocs/lumen_mongo/vendor/laravel/lumen-framework/src/Concerns/RoutesRequests.php(316): Laravel\Lumen\Application->callLumenController(Object(App\Http\Controllers\MongoController), 'insertTodo', Array)
#9 /opt/lampp/htdocs/lumen_mongo/vendor/laravel/lumen-framework/src/Concerns/RoutesRequests.php(278): Laravel\Lumen\Application->callControllerAction(Array)
#10 /opt/lampp/htdocs/lumen_mongo/vendor/laravel/lumen-framework/src/Concerns/RoutesRequests.php(263): Laravel\Lumen\Application->callActionOnArrayBasedRoute(Array)
#11 /opt/lampp/htdocs/lumen_mongo/vendor/laravel/lumen-framework/src/Concerns/RoutesRequests.php(165): Laravel\Lumen\Application->handleFoundRoute(Array)
#12 /opt/lampp/htdocs/lumen_mongo/vendor/laravel/lumen-framework/src/Concerns/RoutesRequests.php(416): Laravel\Lumen\Application->Laravel\Lumen\Concerns\{closure}(Object(Laravel\Lumen\Http\Request))
#13 /opt/lampp/htdocs/lumen_mongo/vendor/laravel/lumen-framework/src/Concerns/RoutesRequests.php(171): Laravel\Lumen\Application->sendThroughPipeline(Array, Object(Closure))
#14 /opt/lampp/htdocs/lumen_mongo/vendor/laravel/lumen-framework/src/Concerns/RoutesRequests.php(108): Laravel\Lumen\Application->dispatch(NULL)
#15 /opt/lampp/htdocs/lumen_mongo/public/index.php(28): Laravel\Lumen\Application->run()
#16 {main} {"exception":"[object] (ErrorException(code: 0): Array to string conversion at /opt/lampp/htdocs/lumen_mongo/app/Http/Controllers/MongoController.php:49)
[stacktrace]
#0 /opt/lampp/htdocs/lumen_mongo/app/Http/Controllers/MongoController.php(49): Laravel\\Lumen\\Application->Laravel\\Lumen\\Concerns\\{closure}(8, 'Array to string...', '/opt/lampp/htdo...', 49, Array)
#1 [internal function]: App\\Http\\Controllers\\MongoController->insertTodo(Object(Laravel\\Lumen\\Http\\Request))
#2 /opt/lampp/htdocs/lumen_mongo/vendor/illuminate/container/BoundMethod.php(32): call_user_func_array(Array, Array)
#3 /opt/lampp/htdocs/lumen_mongo/vendor/illuminate/container/BoundMethod.php(90): Illuminate\\Container\\BoundMethod::Illuminate\\Container\\{closure}()
#4 /opt/lampp/htdocs/lumen_mongo/vendor/illuminate/container/BoundMethod.php(34): Illuminate\\Container\\BoundMethod::callBoundMethod(Object(Laravel\\Lumen\\Application), Array, Object(Closure))
#5 /opt/lampp/htdocs/lumen_mongo/vendor/illuminate/container/Container.php(576): Illuminate\\Container\\BoundMethod::call(Object(Laravel\\Lumen\\Application), Array, Array, NULL)
#6 /opt/lampp/htdocs/lumen_mongo/vendor/laravel/lumen-framework/src/Concerns/RoutesRequests.php(376): Illuminate\\Container\\Container->call(Array, Array)
#7 /opt/lampp/htdocs/lumen_mongo/vendor/laravel/lumen-framework/src/Concerns/RoutesRequests.php(342): Laravel\\Lumen\\Application->callControllerCallable(Array, Array)
#8 /opt/lampp/htdocs/lumen_mongo/vendor/laravel/lumen-framework/src/Concerns/RoutesRequests.php(316): Laravel\\Lumen\\Application->callLumenController(Object(App\\Http\\Controllers\\MongoController), 'insertTodo', Array)
#9 /opt/lampp/htdocs/lumen_mongo/vendor/laravel/lumen-framework/src/Concerns/RoutesRequests.php(278): Laravel\\Lumen\\Application->callControllerAction(Array)
#10 /opt/lampp/htdocs/lumen_mongo/vendor/laravel/lumen-framework/src/Concerns/RoutesRequests.php(263): Laravel\\Lumen\\Application->callActionOnArrayBasedRoute(Array)
#11 /opt/lampp/htdocs/lumen_mongo/vendor/laravel/lumen-framework/src/Concerns/RoutesRequests.php(165): Laravel\\Lumen\\Application->handleFoundRoute(Array)
#12 /opt/lampp/htdocs/lumen_mongo/vendor/laravel/lumen-framework/src/Concerns/RoutesRequests.php(416): Laravel\\Lumen\\Application->Laravel\\Lumen\\Concerns\\{closure}(Object(Laravel\\Lumen\\Http\\Request))
#13 /opt/lampp/htdocs/lumen_mongo/vendor/laravel/lumen-framework/src/Concerns/RoutesRequests.php(171): Laravel\\Lumen\\Application->sendThroughPipeline(Array, Object(Closure))
#14 /opt/lampp/htdocs/lumen_mongo/vendor/laravel/lumen-framework/src/Concerns/RoutesRequests.php(108): Laravel\\Lumen\\Application->dispatch(NULL)
#15 /opt/lampp/htdocs/lumen_mongo/public/index.php(28): Laravel\\Lumen\\Application->run()
#16 {main}
"} 
[2019-07-23 11:29:26] local.ERROR: ErrorException: Array to string conversion in /opt/lampp/htdocs/lumen_mongo/app/Http/Controllers/MongoController.php:49
Stack trace:
#0 /opt/lampp/htdocs/lumen_mongo/app/Http/Controllers/MongoController.php(49): Laravel\Lumen\Application->Laravel\Lumen\Concerns\{closure}(8, 'Array to string...', '/opt/lampp/htdo...', 49, Array)
#1 [internal function]: App\Http\Controllers\MongoController->insertTodo(Object(Laravel\Lumen\Http\Request))
#2 /opt/lampp/htdocs/lumen_mongo/vendor/illuminate/container/BoundMethod.php(32): call_user_func_array(Array, Array)
#3 /opt/lampp/htdocs/lumen_mongo/vendor/illuminate/container/BoundMethod.php(90): Illuminate\Container\BoundMethod::Illuminate\Container\{closure}()
#4 /opt/lampp/htdocs/lumen_mongo/vendor/illuminate/container/BoundMethod.php(34): Illuminate\Container\BoundMethod::callBoundMethod(Object(Laravel\Lumen\Application), Array, Object(Closure))
#5 /opt/lampp/htdocs/lumen_mongo/vendor/illuminate/container/Container.php(576): Illuminate\Container\BoundMethod::call(Object(Laravel\Lumen\Application), Array, Array, NULL)
#6 /opt/lampp/htdocs/lumen_mongo/vendor/laravel/lumen-framework/src/Concerns/RoutesRequests.php(376): Illuminate\Container\Container->call(Array, Array)
#7 /opt/lampp/htdocs/lumen_mongo/vendor/laravel/lumen-framework/src/Concerns/RoutesRequests.php(342): Laravel\Lumen\Application->callControllerCallable(Array, Array)
#8 /opt/lampp/htdocs/lumen_mongo/vendor/laravel/lumen-framework/src/Concerns/RoutesRequests.php(316): Laravel\Lumen\Application->callLumenController(Object(App\Http\Controllers\MongoController), 'insertTodo', Array)
#9 /opt/lampp/htdocs/lumen_mongo/vendor/laravel/lumen-framework/src/Concerns/RoutesRequests.php(278): Laravel\Lumen\Application->callControllerAction(Array)
#10 /opt/lampp/htdocs/lumen_mongo/vendor/laravel/lumen-framework/src/Concerns/RoutesRequests.php(263): Laravel\Lumen\Application->callActionOnArrayBasedRoute(Array)
#11 /opt/lampp/htdocs/lumen_mongo/vendor/laravel/lumen-framework/src/Concerns/RoutesRequests.php(165): Laravel\Lumen\Application->handleFoundRoute(Array)
#12 /opt/lampp/htdocs/lumen_mongo/vendor/laravel/lumen-framework/src/Concerns/RoutesRequests.php(416): Laravel\Lumen\Application->Laravel\Lumen\Concerns\{closure}(Object(Laravel\Lumen\Http\Request))
#13 /opt/lampp/htdocs/lumen_mongo/vendor/laravel/lumen-framework/src/Concerns/RoutesRequests.php(171): Laravel\Lumen\Application->sendThroughPipeline(Array, Object(Closure))
#14 /opt/lampp/htdocs/lumen_mongo/vendor/laravel/lumen-framework/src/Concerns/RoutesRequests.php(108): Laravel\Lumen\Application->dispatch(NULL)
#15 /opt/lampp/htdocs/lumen_mongo/public/index.php(28): Laravel\Lumen\Application->run()
#16 {main} {"exception":"[object] (ErrorException(code: 0): Array to string conversion at /opt/lampp/htdocs/lumen_mongo/app/Http/Controllers/MongoController.php:49)
[stacktrace]
#0 /opt/lampp/htdocs/lumen_mongo/app/Http/Controllers/MongoController.php(49): Laravel\\Lumen\\Application->Laravel\\Lumen\\Concerns\\{closure}(8, 'Array to string...', '/opt/lampp/htdo...', 49, Array)
#1 [internal function]: App\\Http\\Controllers\\MongoController->insertTodo(Object(Laravel\\Lumen\\Http\\Request))
#2 /opt/lampp/htdocs/lumen_mongo/vendor/illuminate/container/BoundMethod.php(32): call_user_func_array(Array, Array)
#3 /opt/lampp/htdocs/lumen_mongo/vendor/illuminate/container/BoundMethod.php(90): Illuminate\\Container\\BoundMethod::Illuminate\\Container\\{closure}()
#4 /opt/lampp/htdocs/lumen_mongo/vendor/illuminate/container/BoundMethod.php(34): Illuminate\\Container\\BoundMethod::callBoundMethod(Object(Laravel\\Lumen\\Application), Array, Object(Closure))
#5 /opt/lampp/htdocs/lumen_mongo/vendor/illuminate/container/Container.php(576): Illuminate\\Container\\BoundMethod::call(Object(Laravel\\Lumen\\Application), Array, Array, NULL)
#6 /opt/lampp/htdocs/lumen_mongo/vendor/laravel/lumen-framework/src/Concerns/RoutesRequests.php(376): Illuminate\\Container\\Container->call(Array, Array)
#7 /opt/lampp/htdocs/lumen_mongo/vendor/laravel/lumen-framework/src/Concerns/RoutesRequests.php(342): Laravel\\Lumen\\Application->callControllerCallable(Array, Array)
#8 /opt/lampp/htdocs/lumen_mongo/vendor/laravel/lumen-framework/src/Concerns/RoutesRequests.php(316): Laravel\\Lumen\\Application->callLumenController(Object(App\\Http\\Controllers\\MongoController), 'insertTodo', Array)
#9 /opt/lampp/htdocs/lumen_mongo/vendor/laravel/lumen-framework/src/Concerns/RoutesRequests.php(278): Laravel\\Lumen\\Application->callControllerAction(Array)
#10 /opt/lampp/htdocs/lumen_mongo/vendor/laravel/lumen-framework/src/Concerns/RoutesRequests.php(263): Laravel\\Lumen\\Application->callActionOnArrayBasedRoute(Array)
#11 /opt/lampp/htdocs/lumen_mongo/vendor/laravel/lumen-framework/src/Concerns/RoutesRequests.php(165): Laravel\\Lumen\\Application->handleFoundRoute(Array)
#12 /opt/lampp/htdocs/lumen_mongo/vendor/laravel/lumen-framework/src/Concerns/RoutesRequests.php(416): Laravel\\Lumen\\Application->Laravel\\Lumen\\Concerns\\{closure}(Object(Laravel\\Lumen\\Http\\Request))
#13 /opt/lampp/htdocs/lumen_mongo/vendor/laravel/lumen-framework/src/Concerns/RoutesRequests.php(171): Laravel\\Lumen\\Application->sendThroughPipeline(Array, Object(Closure))
#14 /opt/lampp/htdocs/lumen_mongo/vendor/laravel/lumen-framework/src/Concerns/RoutesRequests.php(108): Laravel\\Lumen\\Application->dispatch(NULL)
#15 /opt/lampp/htdocs/lumen_mongo/public/index.php(28): Laravel\\Lumen\\Application->run()
#16 {main}
"} 
[2019-07-23 11:30:21] local.ERROR: ErrorException: Array to string conversion in /opt/lampp/htdocs/lumen_mongo/app/Http/Controllers/MongoController.php:49
Stack trace:
#0 /opt/lampp/htdocs/lumen_mongo/app/Http/Controllers/MongoController.php(49): Laravel\Lumen\Application->Laravel\Lumen\Concerns\{closure}(8, 'Array to string...', '/opt/lampp/htdo...', 49, Array)
#1 [internal function]: App\Http\Controllers\MongoController->insertTodo(Object(Laravel\Lumen\Http\Request))
#2 /opt/lampp/htdocs/lumen_mongo/vendor/illuminate/container/BoundMethod.php(32): call_user_func_array(Array, Array)
#3 /opt/lampp/htdocs/lumen_mongo/vendor/illuminate/container/BoundMethod.php(90): Illuminate\Container\BoundMethod::Illuminate\Container\{closure}()
#4 /opt/lampp/htdocs/lumen_mongo/vendor/illuminate/container/BoundMethod.php(34): Illuminate\Container\BoundMethod::callBoundMethod(Object(Laravel\Lumen\Application), Array, Object(Closure))
#5 /opt/lampp/htdocs/lumen_mongo/vendor/illuminate/container/Container.php(576): Illuminate\Container\BoundMethod::call(Object(Laravel\Lumen\Application), Array, Array, NULL)
#6 /opt/lampp/htdocs/lumen_mongo/vendor/laravel/lumen-framework/src/Concerns/RoutesRequests.php(376): Illuminate\Container\Container->call(Array, Array)
#7 /opt/lampp/htdocs/lumen_mongo/vendor/laravel/lumen-framework/src/Concerns/RoutesRequests.php(342): Laravel\Lumen\Application->callControllerCallable(Array, Array)
#8 /opt/lampp/htdocs/lumen_mongo/vendor/laravel/lumen-framework/src/Concerns/RoutesRequests.php(316): Laravel\Lumen\Application->callLumenController(Object(App\Http\Controllers\MongoController), 'insertTodo', Array)
#9 /opt/lampp/htdocs/lumen_mongo/vendor/laravel/lumen-framework/src/Concerns/RoutesRequests.php(278): Laravel\Lumen\Application->callControllerAction(Array)
#10 /opt/lampp/htdocs/lumen_mongo/vendor/laravel/lumen-framework/src/Concerns/RoutesRequests.php(263): Laravel\Lumen\Application->callActionOnArrayBasedRoute(Array)
#11 /opt/lampp/htdocs/lumen_mongo/vendor/laravel/lumen-framework/src/Concerns/RoutesRequests.php(165): Laravel\Lumen\Application->handleFoundRoute(Array)
#12 /opt/lampp/htdocs/lumen_mongo/vendor/laravel/lumen-framework/src/Concerns/RoutesRequests.php(416): Laravel\Lumen\Application->Laravel\Lumen\Concerns\{closure}(Object(Laravel\Lumen\Http\Request))
#13 /opt/lampp/htdocs/lumen_mongo/vendor/laravel/lumen-framework/src/Concerns/RoutesRequests.php(171): Laravel\Lumen\Application->sendThroughPipeline(Array, Object(Closure))
#14 /opt/lampp/htdocs/lumen_mongo/vendor/laravel/lumen-framework/src/Concerns/RoutesRequests.php(108): Laravel\Lumen\Application->dispatch(NULL)
#15 /opt/lampp/htdocs/lumen_mongo/public/index.php(28): Laravel\Lumen\Application->run()
#16 {main} {"exception":"[object] (ErrorException(code: 0): Array to string conversion at /opt/lampp/htdocs/lumen_mongo/app/Http/Controllers/MongoController.php:49)
[stacktrace]
#0 /opt/lampp/htdocs/lumen_mongo/app/Http/Controllers/MongoController.php(49): Laravel\\Lumen\\Application->Laravel\\Lumen\\Concerns\\{closure}(8, 'Array to string...', '/opt/lampp/htdo...', 49, Array)
#1 [internal function]: App\\Http\\Controllers\\MongoController->insertTodo(Object(Laravel\\Lumen\\Http\\Request))
#2 /opt/lampp/htdocs/lumen_mongo/vendor/illuminate/container/BoundMethod.php(32): call_user_func_array(Array, Array)
#3 /opt/lampp/htdocs/lumen_mongo/vendor/illuminate/container/BoundMethod.php(90): Illuminate\\Container\\BoundMethod::Illuminate\\Container\\{closure}()
#4 /opt/lampp/htdocs/lumen_mongo/vendor/illuminate/container/BoundMethod.php(34): Illuminate\\Container\\BoundMethod::callBoundMethod(Object(Laravel\\Lumen\\Application), Array, Object(Closure))
#5 /opt/lampp/htdocs/lumen_mongo/vendor/illuminate/container/Container.php(576): Illuminate\\Container\\BoundMethod::call(Object(Laravel\\Lumen\\Application), Array, Array, NULL)
#6 /opt/lampp/htdocs/lumen_mongo/vendor/laravel/lumen-framework/src/Concerns/RoutesRequests.php(376): Illuminate\\Container\\Container->call(Array, Array)
#7 /opt/lampp/htdocs/lumen_mongo/vendor/laravel/lumen-framework/src/Concerns/RoutesRequests.php(342): Laravel\\Lumen\\Application->callControllerCallable(Array, Array)
#8 /opt/lampp/htdocs/lumen_mongo/vendor/laravel/lumen-framework/src/Concerns/RoutesRequests.php(316): Laravel\\Lumen\\Application->callLumenController(Object(App\\Http\\Controllers\\MongoController), 'insertTodo', Array)
#9 /opt/lampp/htdocs/lumen_mongo/vendor/laravel/lumen-framework/src/Concerns/RoutesRequests.php(278): Laravel\\Lumen\\Application->callControllerAction(Array)
#10 /opt/lampp/htdocs/lumen_mongo/vendor/laravel/lumen-framework/src/Concerns/RoutesRequests.php(263): Laravel\\Lumen\\Application->callActionOnArrayBasedRoute(Array)
#11 /opt/lampp/htdocs/lumen_mongo/vendor/laravel/lumen-framework/src/Concerns/RoutesRequests.php(165): Laravel\\Lumen\\Application->handleFoundRoute(Array)
#12 /opt/lampp/htdocs/lumen_mongo/vendor/laravel/lumen-framework/src/Concerns/RoutesRequests.php(416): Laravel\\Lumen\\Application->Laravel\\Lumen\\Concerns\\{closure}(Object(Laravel\\Lumen\\Http\\Request))
#13 /opt/lampp/htdocs/lumen_mongo/vendor/laravel/lumen-framework/src/Concerns/RoutesRequests.php(171): Laravel\\Lumen\\Application->sendThroughPipeline(Array, Object(Closure))
#14 /opt/lampp/htdocs/lumen_mongo/vendor/laravel/lumen-framework/src/Concerns/RoutesRequests.php(108): Laravel\\Lumen\\Application->dispatch(NULL)
#15 /opt/lampp/htdocs/lumen_mongo/public/index.php(28): Laravel\\Lumen\\Application->run()
#16 {main}
"} 
[2019-07-23 11:31:54] local.ERROR: ErrorException: Array to string conversion in /opt/lampp/htdocs/lumen_mongo/app/Http/Controllers/MongoController.php:50
Stack trace:
#0 /opt/lampp/htdocs/lumen_mongo/app/Http/Controllers/MongoController.php(50): Laravel\Lumen\Application->Laravel\Lumen\Concerns\{closure}(8, 'Array to string...', '/opt/lampp/htdo...', 50, Array)
#1 [internal function]: App\Http\Controllers\MongoController->insertTodo(Object(Laravel\Lumen\Http\Request))
#2 /opt/lampp/htdocs/lumen_mongo/vendor/illuminate/container/BoundMethod.php(32): call_user_func_array(Array, Array)
#3 /opt/lampp/htdocs/lumen_mongo/vendor/illuminate/container/BoundMethod.php(90): Illuminate\Container\BoundMethod::Illuminate\Container\{closure}()
#4 /opt/lampp/htdocs/lumen_mongo/vendor/illuminate/container/BoundMethod.php(34): Illuminate\Container\BoundMethod::callBoundMethod(Object(Laravel\Lumen\Application), Array, Object(Closure))
#5 /opt/lampp/htdocs/lumen_mongo/vendor/illuminate/container/Container.php(576): Illuminate\Container\BoundMethod::call(Object(Laravel\Lumen\Application), Array, Array, NULL)
#6 /opt/lampp/htdocs/lumen_mongo/vendor/laravel/lumen-framework/src/Concerns/RoutesRequests.php(376): Illuminate\Container\Container->call(Array, Array)
#7 /opt/lampp/htdocs/lumen_mongo/vendor/laravel/lumen-framework/src/Concerns/RoutesRequests.php(342): Laravel\Lumen\Application->callControllerCallable(Array, Array)
#8 /opt/lampp/htdocs/lumen_mongo/vendor/laravel/lumen-framework/src/Concerns/RoutesRequests.php(316): Laravel\Lumen\Application->callLumenController(Object(App\Http\Controllers\MongoController), 'insertTodo', Array)
#9 /opt/lampp/htdocs/lumen_mongo/vendor/laravel/lumen-framework/src/Concerns/RoutesRequests.php(278): Laravel\Lumen\Application->callControllerAction(Array)
#10 /opt/lampp/htdocs/lumen_mongo/vendor/laravel/lumen-framework/src/Concerns/RoutesRequests.php(263): Laravel\Lumen\Application->callActionOnArrayBasedRoute(Array)
#11 /opt/lampp/htdocs/lumen_mongo/vendor/laravel/lumen-framework/src/Concerns/RoutesRequests.php(165): Laravel\Lumen\Application->handleFoundRoute(Array)
#12 /opt/lampp/htdocs/lumen_mongo/vendor/laravel/lumen-framework/src/Concerns/RoutesRequests.php(416): Laravel\Lumen\Application->Laravel\Lumen\Concerns\{closure}(Object(Laravel\Lumen\Http\Request))
#13 /opt/lampp/htdocs/lumen_mongo/vendor/laravel/lumen-framework/src/Concerns/RoutesRequests.php(171): Laravel\Lumen\Application->sendThroughPipeline(Array, Object(Closure))
#14 /opt/lampp/htdocs/lumen_mongo/vendor/laravel/lumen-framework/src/Concerns/RoutesRequests.php(108): Laravel\Lumen\Application->dispatch(NULL)
#15 /opt/lampp/htdocs/lumen_mongo/public/index.php(28): Laravel\Lumen\Application->run()
#16 {main} {"exception":"[object] (ErrorException(code: 0): Array to string conversion at /opt/lampp/htdocs/lumen_mongo/app/Http/Controllers/MongoController.php:50)
[stacktrace]
#0 /opt/lampp/htdocs/lumen_mongo/app/Http/Controllers/MongoController.php(50): Laravel\\Lumen\\Application->Laravel\\Lumen\\Concerns\\{closure}(8, 'Array to string...', '/opt/lampp/htdo...', 50, Array)
#1 [internal function]: App\\Http\\Controllers\\MongoController->insertTodo(Object(Laravel\\Lumen\\Http\\Request))
#2 /opt/lampp/htdocs/lumen_mongo/vendor/illuminate/container/BoundMethod.php(32): call_user_func_array(Array, Array)
#3 /opt/lampp/htdocs/lumen_mongo/vendor/illuminate/container/BoundMethod.php(90): Illuminate\\Container\\BoundMethod::Illuminate\\Container\\{closure}()
#4 /opt/lampp/htdocs/lumen_mongo/vendor/illuminate/container/BoundMethod.php(34): Illuminate\\Container\\BoundMethod::callBoundMethod(Object(Laravel\\Lumen\\Application), Array, Object(Closure))
#5 /opt/lampp/htdocs/lumen_mongo/vendor/illuminate/container/Container.php(576): Illuminate\\Container\\BoundMethod::call(Object(Laravel\\Lumen\\Application), Array, Array, NULL)
#6 /opt/lampp/htdocs/lumen_mongo/vendor/laravel/lumen-framework/src/Concerns/RoutesRequests.php(376): Illuminate\\Container\\Container->call(Array, Array)
#7 /opt/lampp/htdocs/lumen_mongo/vendor/laravel/lumen-framework/src/Concerns/RoutesRequests.php(342): Laravel\\Lumen\\Application->callControllerCallable(Array, Array)
#8 /opt/lampp/htdocs/lumen_mongo/vendor/laravel/lumen-framework/src/Concerns/RoutesRequests.php(316): Laravel\\Lumen\\Application->callLumenController(Object(App\\Http\\Controllers\\MongoController), 'insertTodo', Array)
#9 /opt/lampp/htdocs/lumen_mongo/vendor/laravel/lumen-framework/src/Concerns/RoutesRequests.php(278): Laravel\\Lumen\\Application->callControllerAction(Array)
#10 /opt/lampp/htdocs/lumen_mongo/vendor/laravel/lumen-framework/src/Concerns/RoutesRequests.php(263): Laravel\\Lumen\\Application->callActionOnArrayBasedRoute(Array)
#11 /opt/lampp/htdocs/lumen_mongo/vendor/laravel/lumen-framework/src/Concerns/RoutesRequests.php(165): Laravel\\Lumen\\Application->handleFoundRoute(Array)
#12 /opt/lampp/htdocs/lumen_mongo/vendor/laravel/lumen-framework/src/Concerns/RoutesRequests.php(416): Laravel\\Lumen\\Application->Laravel\\Lumen\\Concerns\\{closure}(Object(Laravel\\Lumen\\Http\\Request))
#13 /opt/lampp/htdocs/lumen_mongo/vendor/laravel/lumen-framework/src/Concerns/RoutesRequests.php(171): Laravel\\Lumen\\Application->sendThroughPipeline(Array, Object(Closure))
#14 /opt/lampp/htdocs/lumen_mongo/vendor/laravel/lumen-framework/src/Concerns/RoutesRequests.php(108): Laravel\\Lumen\\Application->dispatch(NULL)
#15 /opt/lampp/htdocs/lumen_mongo/public/index.php(28): Laravel\\Lumen\\Application->run()
#16 {main}
"} 
[2019-07-23 12:08:21] local.ERROR: ErrorException: Undefined variable: result in /opt/lampp/htdocs/lumen_mongo/app/Http/Models/MongoTestModel.php:59
Stack trace:
#0 /opt/lampp/htdocs/lumen_mongo/app/Http/Models/MongoTestModel.php(59): Laravel\Lumen\Application->Laravel\Lumen\Concerns\{closure}(8, 'Undefined varia...', '/opt/lampp/htdo...', 59, Array)
#1 /opt/lampp/htdocs/lumen_mongo/app/Http/Controllers/MongoController.php(87): App\Http\Models\MongoTestModel->deleteTodo(NULL)
#2 [internal function]: App\Http\Controllers\MongoController->deleteTodo(Object(Laravel\Lumen\Http\Request))
#3 /opt/lampp/htdocs/lumen_mongo/vendor/illuminate/container/BoundMethod.php(32): call_user_func_array(Array, Array)
#4 /opt/lampp/htdocs/lumen_mongo/vendor/illuminate/container/BoundMethod.php(90): Illuminate\Container\BoundMethod::Illuminate\Container\{closure}()
#5 /opt/lampp/htdocs/lumen_mongo/vendor/illuminate/container/BoundMethod.php(34): Illuminate\Container\BoundMethod::callBoundMethod(Object(Laravel\Lumen\Application), Array, Object(Closure))
#6 /opt/lampp/htdocs/lumen_mongo/vendor/illuminate/container/Container.php(576): Illuminate\Container\BoundMethod::call(Object(Laravel\Lumen\Application), Array, Array, NULL)
#7 /opt/lampp/htdocs/lumen_mongo/vendor/laravel/lumen-framework/src/Concerns/RoutesRequests.php(376): Illuminate\Container\Container->call(Array, Array)
#8 /opt/lampp/htdocs/lumen_mongo/vendor/laravel/lumen-framework/src/Concerns/RoutesRequests.php(342): Laravel\Lumen\Application->callControllerCallable(Array, Array)
#9 /opt/lampp/htdocs/lumen_mongo/vendor/laravel/lumen-framework/src/Concerns/RoutesRequests.php(316): Laravel\Lumen\Application->callLumenController(Object(App\Http\Controllers\MongoController), 'deleteTodo', Array)
#10 /opt/lampp/htdocs/lumen_mongo/vendor/laravel/lumen-framework/src/Concerns/RoutesRequests.php(278): Laravel\Lumen\Application->callControllerAction(Array)
#11 /opt/lampp/htdocs/lumen_mongo/vendor/laravel/lumen-framework/src/Concerns/RoutesRequests.php(263): Laravel\Lumen\Application->callActionOnArrayBasedRoute(Array)
#12 /opt/lampp/htdocs/lumen_mongo/vendor/laravel/lumen-framework/src/Concerns/RoutesRequests.php(165): Laravel\Lumen\Application->handleFoundRoute(Array)
#13 /opt/lampp/htdocs/lumen_mongo/vendor/laravel/lumen-framework/src/Concerns/RoutesRequests.php(416): Laravel\Lumen\Application->Laravel\Lumen\Concerns\{closure}(Object(Laravel\Lumen\Http\Request))
#14 /opt/lampp/htdocs/lumen_mongo/vendor/laravel/lumen-framework/src/Concerns/RoutesRequests.php(171): Laravel\Lumen\Application->sendThroughPipeline(Array, Object(Closure))
#15 /opt/lampp/htdocs/lumen_mongo/vendor/laravel/lumen-framework/src/Concerns/RoutesRequests.php(108): Laravel\Lumen\Application->dispatch(NULL)
#16 /opt/lampp/htdocs/lumen_mongo/public/index.php(28): Laravel\Lumen\Application->run()
#17 {main} {"exception":"[object] (ErrorException(code: 0): Undefined variable: result at /opt/lampp/htdocs/lumen_mongo/app/Http/Models/MongoTestModel.php:59)
[stacktrace]
#0 /opt/lampp/htdocs/lumen_mongo/app/Http/Models/MongoTestModel.php(59): Laravel\\Lumen\\Application->Laravel\\Lumen\\Concerns\\{closure}(8, 'Undefined varia...', '/opt/lampp/htdo...', 59, Array)
#1 /opt/lampp/htdocs/lumen_mongo/app/Http/Controllers/MongoController.php(87): App\\Http\\Models\\MongoTestModel->deleteTodo(NULL)
#2 [internal function]: App\\Http\\Controllers\\MongoController->deleteTodo(Object(Laravel\\Lumen\\Http\\Request))
#3 /opt/lampp/htdocs/lumen_mongo/vendor/illuminate/container/BoundMethod.php(32): call_user_func_array(Array, Array)
#4 /opt/lampp/htdocs/lumen_mongo/vendor/illuminate/container/BoundMethod.php(90): Illuminate\\Container\\BoundMethod::Illuminate\\Container\\{closure}()
#5 /opt/lampp/htdocs/lumen_mongo/vendor/illuminate/container/BoundMethod.php(34): Illuminate\\Container\\BoundMethod::callBoundMethod(Object(Laravel\\Lumen\\Application), Array, Object(Closure))
#6 /opt/lampp/htdocs/lumen_mongo/vendor/illuminate/container/Container.php(576): Illuminate\\Container\\BoundMethod::call(Object(Laravel\\Lumen\\Application), Array, Array, NULL)
#7 /opt/lampp/htdocs/lumen_mongo/vendor/laravel/lumen-framework/src/Concerns/RoutesRequests.php(376): Illuminate\\Container\\Container->call(Array, Array)
#8 /opt/lampp/htdocs/lumen_mongo/vendor/laravel/lumen-framework/src/Concerns/RoutesRequests.php(342): Laravel\\Lumen\\Application->callControllerCallable(Array, Array)
#9 /opt/lampp/htdocs/lumen_mongo/vendor/laravel/lumen-framework/src/Concerns/RoutesRequests.php(316): Laravel\\Lumen\\Application->callLumenController(Object(App\\Http\\Controllers\\MongoController), 'deleteTodo', Array)
#10 /opt/lampp/htdocs/lumen_mongo/vendor/laravel/lumen-framework/src/Concerns/RoutesRequests.php(278): Laravel\\Lumen\\Application->callControllerAction(Array)
#11 /opt/lampp/htdocs/lumen_mongo/vendor/laravel/lumen-framework/src/Concerns/RoutesRequests.php(263): Laravel\\Lumen\\Application->callActionOnArrayBasedRoute(Array)
#12 /opt/lampp/htdocs/lumen_mongo/vendor/laravel/lumen-framework/src/Concerns/RoutesRequests.php(165): Laravel\\Lumen\\Application->handleFoundRoute(Array)
#13 /opt/lampp/htdocs/lumen_mongo/vendor/laravel/lumen-framework/src/Concerns/RoutesRequests.php(416): Laravel\\Lumen\\Application->Laravel\\Lumen\\Concerns\\{closure}(Object(Laravel\\Lumen\\Http\\Request))
#14 /opt/lampp/htdocs/lumen_mongo/vendor/laravel/lumen-framework/src/Concerns/RoutesRequests.php(171): Laravel\\Lumen\\Application->sendThroughPipeline(Array, Object(Closure))
#15 /opt/lampp/htdocs/lumen_mongo/vendor/laravel/lumen-framework/src/Concerns/RoutesRequests.php(108): Laravel\\Lumen\\Application->dispatch(NULL)
#16 /opt/lampp/htdocs/lumen_mongo/public/index.php(28): Laravel\\Lumen\\Application->run()
#17 {main}
"} 
